<!--
 Copyright (c) 2014, RMIT University, Australia.
 All rights reserved.
  
 This code is under the BSD license. See 'license.txt' for details.
 Project hosted at: https://bitbucket.org/eresearchrmit/seaports-pacific.git
-->
<?xml version="1.0" encoding="UTF-8"?>
<beans xmlns="http://www.springframework.org/schema/beans"
	xmlns:xsi="http://www.w3.org/2001/XMLSchema-instance" xmlns:mvc="http://www.springframework.org/schema/mvc"
	xmlns:context="http://www.springframework.org/schema/context" xmlns:tx="http://www.springframework.org/schema/tx"
	xsi:schemaLocation="http://www.springframework.org/schema/beans http://www.springframework.org/schema/beans/spring-beans-3.0.xsd
		http://www.springframework.org/schema/mvc http://www.springframework.org/schema/mvc/spring-mvc-3.0.xsd	
		http://www.springframework.org/schema/context http://www.springframework.org/schema/context/spring-context-3.0.xsd
		http://www.springframework.org/schema/tx http://www.springframework.org/schema/tx/spring-tx.xsd"
	default-autowire="byName">

	<!-- Scans within the base package of the application for @Components to 
		configure as beans -->
	<import resource="test-db.xml" />

	<context:component-scan base-package="edu.rmit.eres.seaports" />
	<tx:annotation-driven />
</beans>
